<?xml version='1.0' encoding='UTF-8' ?>
<testsuite name="com.example.cmput301w24t33.AdminUITest" tests="2" failures="0" errors="0" skipped="0" time="13.191" timestamp="2024-03-08T17:11:14" hostname="localhost">
  <properties>
    <property name="device" value="Pixel_3a_API_34_extension_level_7_x86_64(AVD) - 14" />
    <property name="flavor" value="" />
    <property name="project" value=":app" />
  </properties>
  <testcase name="testAdminViewEvent" classname="com.example.cmput301w24t33.AdminUITest" time="7.437" />
  <testcase name="testAdminViewProfiles" classname="com.example.cmput301w24t33.AdminUITest" time="3.037" />
</testsuite>