<?xml version="1.0" encoding="UTF-8"?>
<testsuite name="com.example.cmput301w24t33.ExampleUnitTest" tests="1" skipped="0" failures="0" errors="0" timestamp="2024-03-08T17:03:08" hostname="SURFACE" time="0.009">
  <properties/>
  <testcase name="addition_isCorrect" classname="com.example.cmput301w24t33.ExampleUnitTest" time="0.009"/>
  <system-out><![CDATA[]]></system-out>
  <system-err><![CDATA[]]></system-err>
</testsuite>
