<?xml version="1.0" encoding="UTF-8"?>
<testsuite name="com.example.cmput301w24t33.NotificationTest" tests="4" skipped="0" failures="0" errors="0" timestamp="2024-03-08T17:03:08" hostname="SURFACE" time="0.003">
  <properties/>
  <testcase name="testSetTimestamp" classname="com.example.cmput301w24t33.NotificationTest" time="0.001"/>
  <testcase name="testSetMessage" classname="com.example.cmput301w24t33.NotificationTest" time="0.001"/>
  <testcase name="testConstructor" classname="com.example.cmput301w24t33.NotificationTest" time="0.0"/>
  <testcase name="testSetTitle" classname="com.example.cmput301w24t33.NotificationTest" time="0.001"/>
  <system-out><![CDATA[]]></system-out>
  <system-err><![CDATA[]]></system-err>
</testsuite>
